[ 50%] [32mBuilding CXX object CMakeFiles/turtle_square.dir/src/turtle_square.cpp.o[0m
[01m[K/mnt/d/Linux/UniversitÃ /Magistrale/Anno I/robot_programming/RobotProgramming/exercises/rp_03_ros_basics/src/rp_simple_controller/src/turtle_square.cpp:[m[K In constructor â€˜[01m[KTurtleSquareNode::[01;32m[KTurtleSquareNode[m[K()[m[Kâ€™:
[01m[K/mnt/d/Linux/UniversitÃ /Magistrale/Anno I/robot_programming/RobotProgramming/exercises/rp_03_ros_basics/src/rp_simple_controller/src/turtle_square.cpp:27:102:[m[K [01;31m[Kerror: [m[Kâ€˜[01m[KMinimalSubscriber[m[Kâ€™ has not been declared
   27 |     position_sub = this -> create_subscription<turtlesim::msg::Pose>("/turtle1/pose", 10, std::bind(&[01;31m[KMinimalSubscriber[m[K::pose_callback, this, _1));
      |                                                                                                      [01;31m[K^~~~~~~~~~~~~~~~~[m[K
[01m[K/mnt/d/Linux/UniversitÃ /Magistrale/Anno I/robot_programming/RobotProgramming/exercises/rp_03_ros_basics/src/rp_simple_controller/src/turtle_square.cpp:27:142:[m[K [01;31m[Kerror: [m[Kâ€˜[01m[K_1[m[Kâ€™ was not declared in this scope; did you mean â€˜[01m[Kstd::placeholders::_1[m[Kâ€™?
   27 |     position_sub = this -> create_subscription<turtlesim::msg::Pose>("/turtle1/pose", 10, std::bind(&MinimalSubscriber::pose_callback, this, [01;31m[K_1[m[K));
      |                                                                                                                                              [01;31m[K^~[m[K
      |                                                                                                                                              [32m[Kstd::placeholders::_1[m[K
In file included from [01m[K/opt/ros/jazzy/include/rclcpp/rclcpp/utilities.hpp:19[m[K,
                 from [01m[K/opt/ros/jazzy/include/rclcpp/rclcpp/logging.hpp:25[m[K,
                 from [01m[K/opt/ros/jazzy/include/rclcpp/rclcpp/copy_all_parameter_values.hpp:27[m[K,
                 from [01m[K/opt/ros/jazzy/include/rclcpp/rclcpp/rclcpp.hpp:171[m[K,
                 from [01m[K/mnt/d/Linux/UniversitÃ /Magistrale/Anno I/robot_programming/RobotProgramming/exercises/rp_03_ros_basics/src/rp_simple_controller/src/turtle_square.cpp:5[m[K:
[01m[K/usr/include/c++/13/functional:294:48:[m[K [01;36m[Knote: [m[Kâ€˜[01m[Kstd::placeholders::_1[m[Kâ€™ declared here
  294 |     _GLIBCXX_PLACEHOLDER const _Placeholder<1> [01;36m[K_1[m[K;
      |                                                [01;36m[K^~[m[K
In file included from [01m[K/opt/ros/jazzy/include/rclcpp/rclcpp/logging.hpp:24[m[K:
[01m[K/mnt/d/Linux/UniversitÃ /Magistrale/Anno I/robot_programming/RobotProgramming/exercises/rp_03_ros_basics/src/rp_simple_controller/src/turtle_square.cpp:[m[K In member function â€˜[01m[Kvoid TurtleSquareNode::[01;32m[Kpose_callback[m[K(turtlesim::msg::Pose_<std::allocator<void> >::SharedPtr)[m[Kâ€™:
[01m[K/mnt/d/Linux/UniversitÃ /Magistrale/Anno I/robot_programming/RobotProgramming/exercises/rp_03_ros_basics/src/rp_simple_controller/src/turtle_square.cpp:127:64:[m[K [01;31m[Kerror: [m[Kâ€˜[01m[Kusing std::__shared_ptr_access<turtlesim::msg::Pose_<std::allocator<void> >, __gnu_cxx::_S_atomic, false, false>::element_type = struct turtlesim::msg::Pose_<std::allocator<void> >[m[Kâ€™ {aka â€˜[01m[Kstruct turtlesim::msg::Pose_<std::allocator<void> >[m[Kâ€™} has no member named â€˜[01m[Kdata[m[Kâ€™
  127 |     RCLCPP_INFO(this -> get_logger(), "Turtle pos: %s", msg -> [01;31m[Kdata[m[K.c_str())
      |                                                                [01;31m[K^~~~[m[K
[01m[K/mnt/d/Linux/UniversitÃ /Magistrale/Anno I/robot_programming/RobotProgramming/exercises/rp_03_ros_basics/src/rp_simple_controller/src/turtle_square.cpp:128:3:[m[K [01;31m[Kerror: [m[Kexpected â€˜[01m[K;[m[Kâ€™ before â€˜[01m[K}[m[Kâ€™ token
  128 |   [01;31m[K}[m[K
      |   [01;31m[K^[m[K
gmake[2]: *** [CMakeFiles/turtle_square.dir/build.make:76: CMakeFiles/turtle_square.dir/src/turtle_square.cpp.o] Error 1
gmake[1]: *** [CMakeFiles/Makefile2:137: CMakeFiles/turtle_square.dir/all] Error 2
gmake: *** [Makefile:146: all] Error 2
