[0.147s] Invoking command in '/mnt/d/Linux/UniversitÃ /Magistrale/Anno I/robot_programming/RobotProgramming/exercises/rp_03_ros_basics/build/rp_simple_controller': CMAKE_PREFIX_PATH=/opt/ros/jazzy DEBUGINFOD_URLS=https://debuginfod.ubuntu.com /usr/bin/cmake --build /mnt/d/Linux/UniversitÃ /Magistrale/Anno I/robot_programming/RobotProgramming/exercises/rp_03_ros_basics/build/rp_simple_controller -- -j8 -l8
[1.611s] [ 50%] [32mBuilding CXX object CMakeFiles/turtle_square.dir/src/turtle_square.cpp.o[0m
[4.333s] [01m[K/mnt/d/Linux/UniversitÃ /Magistrale/Anno I/robot_programming/RobotProgramming/exercises/rp_03_ros_basics/src/rp_simple_controller/src/turtle_square.cpp:[m[K In constructor â€˜[01m[KTurtleSquareNode::[01;32m[KTurtleSquareNode[m[K()[m[Kâ€™:
[4.338s] [01m[K/mnt/d/Linux/UniversitÃ /Magistrale/Anno I/robot_programming/RobotProgramming/exercises/rp_03_ros_basics/src/rp_simple_controller/src/turtle_square.cpp:27:102:[m[K [01;31m[Kerror: [m[Kâ€˜[01m[KMinimalSubscriber[m[Kâ€™ has not been declared
[4.340s]    27 |     position_sub = this -> create_subscription<turtlesim::msg::Pose>("/turtle1/pose", 10, std::bind(&[01;31m[KMinimalSubscriber[m[K::pose_callback, this, _1));
[4.343s]       |                                                                                                      [01;31m[K^~~~~~~~~~~~~~~~~[m[K
[4.345s] [01m[K/mnt/d/Linux/UniversitÃ /Magistrale/Anno I/robot_programming/RobotProgramming/exercises/rp_03_ros_basics/src/rp_simple_controller/src/turtle_square.cpp:27:142:[m[K [01;31m[Kerror: [m[Kâ€˜[01m[K_1[m[Kâ€™ was not declared in this scope; did you mean â€˜[01m[Kstd::placeholders::_1[m[Kâ€™?
[4.346s]    27 |     position_sub = this -> create_subscription<turtlesim::msg::Pose>("/turtle1/pose", 10, std::bind(&MinimalSubscriber::pose_callback, this, [01;31m[K_1[m[K));
[4.348s]       |                                                                                                                                              [01;31m[K^~[m[K
[4.350s]       |                                                                                                                                              [32m[Kstd::placeholders::_1[m[K
[4.352s] In file included from [01m[K/opt/ros/jazzy/include/rclcpp/rclcpp/utilities.hpp:19[m[K,
[4.354s]                  from [01m[K/opt/ros/jazzy/include/rclcpp/rclcpp/logging.hpp:25[m[K,
[4.355s]                  from [01m[K/opt/ros/jazzy/include/rclcpp/rclcpp/copy_all_parameter_values.hpp:27[m[K,
[4.357s]                  from [01m[K/opt/ros/jazzy/include/rclcpp/rclcpp/rclcpp.hpp:171[m[K,
[4.359s]                  from [01m[K/mnt/d/Linux/UniversitÃ /Magistrale/Anno I/robot_programming/RobotProgramming/exercises/rp_03_ros_basics/src/rp_simple_controller/src/turtle_square.cpp:5[m[K:
[4.361s] [01m[K/usr/include/c++/13/functional:294:48:[m[K [01;36m[Knote: [m[Kâ€˜[01m[Kstd::placeholders::_1[m[Kâ€™ declared here
[4.363s]   294 |     _GLIBCXX_PLACEHOLDER const _Placeholder<1> [01;36m[K_1[m[K;
[4.364s]       |                                                [01;36m[K^~[m[K
[4.366s] In file included from [01m[K/opt/ros/jazzy/include/rclcpp/rclcpp/logging.hpp:24[m[K:
[4.368s] [01m[K/mnt/d/Linux/UniversitÃ /Magistrale/Anno I/robot_programming/RobotProgramming/exercises/rp_03_ros_basics/src/rp_simple_controller/src/turtle_square.cpp:[m[K In member function â€˜[01m[Kvoid TurtleSquareNode::[01;32m[Kpose_callback[m[K(turtlesim::msg::Pose_<std::allocator<void> >::SharedPtr)[m[Kâ€™:
[4.369s] [01m[K/mnt/d/Linux/UniversitÃ /Magistrale/Anno I/robot_programming/RobotProgramming/exercises/rp_03_ros_basics/src/rp_simple_controller/src/turtle_square.cpp:127:64:[m[K [01;31m[Kerror: [m[Kâ€˜[01m[Kusing std::__shared_ptr_access<turtlesim::msg::Pose_<std::allocator<void> >, __gnu_cxx::_S_atomic, false, false>::element_type = struct turtlesim::msg::Pose_<std::allocator<void> >[m[Kâ€™ {aka â€˜[01m[Kstruct turtlesim::msg::Pose_<std::allocator<void> >[m[Kâ€™} has no member named â€˜[01m[Kdata[m[Kâ€™
[4.371s]   127 |     RCLCPP_INFO(this -> get_logger(), "Turtle pos: %s", msg -> [01;31m[Kdata[m[K.c_str())
[4.373s]       |                                                                [01;31m[K^~~~[m[K
[4.375s] [01m[K/mnt/d/Linux/UniversitÃ /Magistrale/Anno I/robot_programming/RobotProgramming/exercises/rp_03_ros_basics/src/rp_simple_controller/src/turtle_square.cpp:128:3:[m[K [01;31m[Kerror: [m[Kexpected â€˜[01m[K;[m[Kâ€™ before â€˜[01m[K}[m[Kâ€™ token
[4.376s]   128 |   [01;31m[K}[m[K
[4.378s]       |   [01;31m[K^[m[K
[5.643s] gmake[2]: *** [CMakeFiles/turtle_square.dir/build.make:76: CMakeFiles/turtle_square.dir/src/turtle_square.cpp.o] Error 1
[5.648s] gmake[1]: *** [CMakeFiles/Makefile2:137: CMakeFiles/turtle_square.dir/all] Error 2
[5.652s] gmake: *** [Makefile:146: all] Error 2
[5.654s] Invoked command in '/mnt/d/Linux/UniversitÃ /Magistrale/Anno I/robot_programming/RobotProgramming/exercises/rp_03_ros_basics/build/rp_simple_controller' returned '2': CMAKE_PREFIX_PATH=/opt/ros/jazzy DEBUGINFOD_URLS=https://debuginfod.ubuntu.com /usr/bin/cmake --build /mnt/d/Linux/UniversitÃ /Magistrale/Anno I/robot_programming/RobotProgramming/exercises/rp_03_ros_basics/build/rp_simple_controller -- -j8 -l8
