<?xml version="1.0" encoding="UTF-8"?>
<Site BuildName="(empty)"
	BuildStamp="20241024-1521-Experimental"
	Name="LAPTOP-MIKETANGO"
	Generator="ctest-3.28.3"
	CompilerName="/usr/bin/c++"
	CompilerVersion="13.2.0"
	OSName="Linux"
	Hostname="LAPTOP-MIKETANGO"
	OSRelease="5.15.153.1-microsoft-standard-WSL2"
	OSVersion="#1 SMP Fri Mar 29 23:14:13 UTC 2024"
	OSPlatform="x86_64"
	Is64Bits="1"
	VendorString="GenuineIntel"
	VendorID="Intel Corporation"
	FamilyID="6"
	ModelID="142"
	ProcessorCacheSize="8192"
	NumberOfLogicalCPU="8"
	NumberOfPhysicalCPU="4"
	TotalVirtualMemory="2048"
	TotalPhysicalMemory="7946"
	LogicalProcessorsPerPhysical="2"
	ProcessorClockFrequency="1992.01"
	>
	<Testing>
		<StartDateTime>Oct 24 17:21 CEST</StartDateTime>
		<StartTestTime>1729783284</StartTestTime>
		<TestList/>
		<EndDateTime>Oct 24 17:21 CEST</EndDateTime>
		<EndTestTime>1729783284</EndTestTime>
		<ElapsedMinutes>0</ElapsedMinutes>
	</Testing>
</Site>
